# JRE version: OpenJDK Runtime Environment (8.0_242) (build 1.8.0_242-release-1644-b3-6222593)
# Java VM: OpenJDK 64-Bit Server VM (25.242-b3-6222593 mixed mode linux-amd64 compressed oops)
Heap:
 PSYoungGen      total 591360K, used 151999K [0x00000000d5580000, 0x00000000ff580000, 0x0000000100000000)
  eden space 538624K, 21% used [0x00000000d5580000,0x00000000dc7e3cb0,0x00000000f6380000)
  from space 52736K, 66% used [0x00000000f6380000,0x00000000f858bf88,0x00000000f9700000)
  to   space 53760K, 0% used [0x00000000fc100000,0x00000000fc100000,0x00000000ff580000)
 ParOldGen       total 323584K, used 69511K [0x0000000080000000, 0x0000000093c00000, 0x00000000d5580000)
  object space 323584K, 21% used [0x0000000080000000,0x00000000843e1e58,0x0000000093c00000)
 Metaspace       used 102323K, capacity 107550K, committed 107688K, reserved 1142784K
  class space    used 12925K, capacity 13978K, committed 14000K, reserved 1048576K
GC Heap History (10 events):
Event: 551.524 GC heap before
{Heap before GC invocations=21 (full 4):
 PSYoungGen      total 508416K, used 461376K [0x00000000d5580000, 0x00000000f8500000, 0x0000000100000000)
  eden space 446976K, 100% used [0x00000000d5580000,0x00000000f0a00000,0x00000000f0a00000)
  from space 61440K, 23% used [0x00000000f4900000,0x00000000f57101b0,0x00000000f8500000)
  to   space 62976K, 0% used [0x00000000f0a00000,0x00000000f0a00000,0x00000000f4780000)
 ParOldGen       total 323584K, used 69487K [0x0000000080000000, 0x0000000093c00000, 0x00000000d5580000)
  object space 323584K, 21% used [0x0000000080000000,0x00000000843dbe58,0x0000000093c00000)
 Metaspace       used 96362K, capacity 100780K, committed 101288K, reserved 1136640K
  class space    used 12372K, capacity 13283K, committed 13488K, reserved 1048576K
Event: 551.550 GC heap after
Heap after GC invocations=21 (full 4):
 PSYoungGen      total 509952K, used 23402K [0x00000000d5580000, 0x00000000fb300000, 0x0000000100000000)
  eden space 446976K, 0% used [0x00000000d5580000,0x00000000d5580000,0x00000000f0a00000)
  from space 62976K, 37% used [0x00000000f0a00000,0x00000000f20da990,0x00000000f4780000)
  to   space 59904K, 0% used [0x00000000f7880000,0x00000000f7880000,0x00000000fb300000)
 ParOldGen       total 323584K, used 69495K [0x0000000080000000, 0x0000000093c00000, 0x00000000d5580000)
  object space 323584K, 21% used [0x0000000080000000,0x00000000843dde58,0x0000000093c00000)
 Metaspace       used 96362K, capacity 100780K, committed 101288K, reserved 1136640K
  class space    used 12372K, capacity 13283K, committed 13488K, reserved 1048576K
}
Event: 1164.683 GC heap before
{Heap before GC invocations=22 (full 4):
 PSYoungGen      total 509952K, used 470378K [0x00000000d5580000, 0x00000000fb300000, 0x0000000100000000)
  eden space 446976K, 100% used [0x00000000d5580000,0x00000000f0a00000,0x00000000f0a00000)
  from space 62976K, 37% used [0x00000000f0a00000,0x00000000f20da990,0x00000000f4780000)
  to   space 59904K, 0% used [0x00000000f7880000,0x00000000f7880000,0x00000000fb300000)
 ParOldGen       total 323584K, used 69495K [0x0000000080000000, 0x0000000093c00000, 0x00000000d5580000)
  object space 323584K, 21% used [0x0000000080000000,0x00000000843dde58,0x0000000093c00000)
 Metaspace       used 98082K, capacity 102874K, committed 103208K, reserved 1138688K
  class space    used 12532K, capacity 13496K, committed 13616K, reserved 1048576K
Event: 1164.710 GC heap after
Heap after GC invocations=22 (full 4):
 PSYoungGen      total 534528K, used 23920K [0x00000000d5580000, 0x00000000fa380000, 0x0000000100000000)
  eden space 490496K, 0% used [0x00000000d5580000,0x00000000d5580000,0x00000000f3480000)
  from space 44032K, 54% used [0x00000000f7880000,0x00000000f8fdc270,0x00000000fa380000)
  to   space 56832K, 0% used [0x00000000f3480000,0x00000000f3480000,0x00000000f6c00000)
 ParOldGen       total 323584K, used 69503K [0x0000000080000000, 0x0000000093c00000, 0x00000000d5580000)
  object space 323584K, 21% used [0x0000000080000000,0x00000000843dfe58,0x0000000093c00000)
 Metaspace       used 98082K, capacity 102874K, committed 103208K, reserved 1138688K
  class space    used 12532K, capacity 13496K, committed 13616K, reserved 1048576K
}
Event: 1166.077 GC heap before
{Heap before GC invocations=23 (full 4):
 PSYoungGen      total 534528K, used 514416K [0x00000000d5580000, 0x00000000fa380000, 0x0000000100000000)
  eden space 490496K, 100% used [0x00000000d5580000,0x00000000f3480000,0x00000000f3480000)
  from space 44032K, 54% used [0x00000000f7880000,0x00000000f8fdc270,0x00000000fa380000)
  to   space 56832K, 0% used [0x00000000f3480000,0x00000000f3480000,0x00000000f6c00000)
 ParOldGen       total 323584K, used 69503K [0x0000000080000000, 0x0000000093c00000, 0x00000000d5580000)
  object space 323584K, 21% used [0x0000000080000000,0x00000000843dfe58,0x0000000093c00000)
 Metaspace       used 98175K, capacity 102994K, committed 103208K, reserved 1138688K
  class space    used 12537K, capacity 13504K, committed 13616K, reserved 1048576K
Event: 1166.106 GC heap after
Heap after GC invocations=23 (full 4):
 PSYoungGen      total 547328K, used 30321K [0x00000000d5580000, 0x00000000fda00000, 0x0000000100000000)
  eden space 490496K, 0% used [0x00000000d5580000,0x00000000d5580000,0x00000000f3480000)
  from space 56832K, 53% used [0x00000000f3480000,0x00000000f521c400,0x00000000f6c00000)
  to   space 55296K, 0% used [0x00000000fa400000,0x00000000fa400000,0x00000000fda00000)
 ParOldGen       total 323584K, used 69503K [0x0000000080000000, 0x0000000093c00000, 0x00000000d5580000)
  object space 323584K, 21% used [0x0000000080000000,0x00000000843dfe58,0x0000000093c00000)
 Metaspace       used 98175K, capacity 102994K, committed 103208K, reserved 1138688K
  class space    used 12537K, capacity 13504K, committed 13616K, reserved 1048576K
}
Event: 1262.228 GC heap before
{Heap before GC invocations=24 (full 4):
 PSYoungGen      total 547328K, used 520817K [0x00000000d5580000, 0x00000000fda00000, 0x0000000100000000)
  eden space 490496K, 100% used [0x00000000d5580000,0x00000000f3480000,0x00000000f3480000)
  from space 56832K, 53% used [0x00000000f3480000,0x00000000f521c400,0x00000000f6c00000)
  to   space 55296K, 0% used [0x00000000fa400000,0x00000000fa400000,0x00000000fda00000)
 ParOldGen       total 323584K, used 69503K [0x0000000080000000, 0x0000000093c00000, 0x00000000d5580000)
  object space 323584K, 21% used [0x0000000080000000,0x00000000843dfe58,0x0000000093c00000)
 Metaspace       used 99784K, capacity 104770K, committed 104872K, reserved 1140736K
  class space    used 12679K, capacity 13686K, committed 13744K, reserved 1048576K
Event: 1262.257 GC heap after
Heap after GC invocations=24 (full 4):
 PSYoungGen      total 578048K, used 23405K [0x00000000d5580000, 0x00000000fca80000, 0x0000000100000000)
  eden space 538624K, 0% used [0x00000000d5580000,0x00000000d5580000,0x00000000f6380000)
  from space 39424K, 59% used [0x00000000fa400000,0x00000000fbadb450,0x00000000fca80000)
  to   space 52736K, 0% used [0x00000000f6380000,0x00000000f6380000,0x00000000f9700000)
 ParOldGen       total 323584K, used 69511K [0x0000000080000000, 0x0000000093c00000, 0x00000000d5580000)
  object space 323584K, 21% used [0x0000000080000000,0x00000000843e1e58,0x0000000093c00000)
 Metaspace       used 99784K, capacity 104770K, committed 104872K, reserved 1140736K
  class space    used 12679K, capacity 13686K, committed 13744K, reserved 1048576K
}
Event: 1477.090 GC heap before
{Heap before GC invocations=25 (full 4):
 PSYoungGen      total 578048K, used 562029K [0x00000000d5580000, 0x00000000fca80000, 0x0000000100000000)
  eden space 538624K, 100% used [0x00000000d5580000,0x00000000f6380000,0x00000000f6380000)
  from space 39424K, 59% used [0x00000000fa400000,0x00000000fbadb450,0x00000000fca80000)
  to   space 52736K, 0% used [0x00000000f6380000,0x00000000f6380000,0x00000000f9700000)
 ParOldGen       total 323584K, used 69511K [0x0000000080000000, 0x0000000093c00000, 0x00000000d5580000)
  object space 323584K, 21% used [0x0000000080000000,0x00000000843e1e58,0x0000000093c00000)
 Metaspace       used 101418K, capacity 106558K, committed 106920K, reserved 1142784K
  class space    used 12840K, capacity 13882K, committed 14000K, reserved 1048576K
Event: 1477.125 GC heap after
Heap after GC invocations=25 (full 4):
 PSYoungGen      total 591360K, used 34863K [0x00000000d5580000, 0x00000000ff580000, 0x0000000100000000)
  eden space 538624K, 0% used [0x00000000d5580000,0x00000000d5580000,0x00000000f6380000)
  from space 52736K, 66% used [0x00000000f6380000,0x00000000f858bf88,0x00000000f9700000)
  to   space 53760K, 0% used [0x00000000fc100000,0x00000000fc100000,0x00000000ff580000)
 ParOldGen       total 323584K, used 69511K [0x0000000080000000, 0x0000000093c00000, 0x00000000d5580000)
  object space 323584K, 21% used [0x0000000080000000,0x00000000843e1e58,0x0000000093c00000)
 Metaspace       used 101418K, capacity 106558K, committed 106920K, reserved 1142784K
  class space    used 12840K, capacity 13882K, committed 14000K, reserved 1048576K
}

